12:17:23 DEBUG - Station nulls name has been changed to robot
12:17:23 DEBUG - Station robots shortCut has been changed from null to ro
12:17:23 DEBUG - Station nulls name has been changed to stock
12:17:23 DEBUG - Station stocks shortCut has been changed from null to la
12:17:23 DEBUG - Station nulls name has been changed to InOut
12:17:23 DEBUG - Station InOuts shortCut has been changed from null to ea
12:17:23 WARN  - Station already in PrevList of Station robot
12:17:23 WARN  - Station already in PrevList of Station stock
12:17:23 WARN  - Station already in PrevList of Station stock
12:17:23 WARN  - Station already in PrevList of Station InOut
12:17:23 DEBUG - Set HopsBack of Station robot from 1 to 2
12:17:23 DEBUG - Set HopsBack of Station stock from 1 to 1
12:17:23 DEBUG - Set HopsBack of Station InOut from 1 to 1
12:17:23 DEBUG - Station nulls name has been changed to one
12:17:23 DEBUG - Station ones shortCut has been changed from null to s1
12:17:23 DEBUG - Station nulls name has been changed to two
12:17:23 DEBUG - Station twos shortCut has been changed from null to s2
12:17:23 DEBUG - Set HopsBack of Station one from 1 to 2
12:17:23 DEBUG - Set HopsBack of Station two from 1 to 1
12:17:23 WARN  - Station already in PrevList of Station two
12:17:23 WARN  - Station already in PrevList of Station one
12:17:23 WARN  - Station already in PrevList of Station one
