12:53:59 INFO  - Added Station Robot to Setup
12:53:59 INFO  - Added Station I/O to Setup
12:54:00 INFO  - Added Station Storage to Setup
12:54:00 INFO  - Adding Station Model.Station.Station@5281f66a to Robots PrevList with PathTime 20
12:54:00 INFO  - Adding Station Model.Station.Station@1a94beb0 to I/Os PrevList with PathTime 19
12:54:00 INFO  - Adding Station Model.Station.Station@1a94beb0 to Storages PrevList with PathTime 20
12:54:00 INFO  - Adding Station Model.Station.Station@7f5398c0 to Storages PrevList with PathTime 9
12:55:21 INFO  - Open connection to Adapter 172.16.48.24:40001
12:55:21 INFO  - Successfully connected to Adapter: 172.16.48.24:40001
12:55:42 ERROR - Parameter Count is null
java.lang.NumberFormatException: For input string: "r"
	at java.lang.NumberFormatException.forInputString(NumberFormatException.java:65)
	at java.lang.Integer.parseInt(Integer.java:580)
	at java.lang.Integer.parseInt(Integer.java:615)
	at Model.Command.CommandInterpreter.parseParamCount(CommandInterpreter.java:156)
	at Model.Command.CommandInterpreter.parseValues(CommandInterpreter.java:107)
	at Model.Command.CommandInterpreter.run(CommandInterpreter.java:37)
	at Model.Network.NetworkController.invokeInterpreter(NetworkController.java:183)
	at Model.Network.NetworkController.testCommand(NetworkController.java:178)
	at Model.Facade.testCommand(Facade.java:35)
	at View.CommandLineInterface.testCommand(CommandLineInterface.java:201)
	at View.CommandLineInterface.run(CommandLineInterface.java:59)
12:55:42 WARN  - Interpreter detected Illegal Command Structure!
12:55:42 WARN  - Interpreter couldn't find right Command for input Message!
12:55:42 INFO  - Send command not understood: StSTF000000000000:0000000 to Adapter
12:56:19 INFO  - Successfully Validated Command with MessageID 0000000000:00
12:56:19 INFO  - Interpreted RequestEmptyCarriage to ro Command
12:56:19 INFO  - Send ACK01: StSTA0010000000000:000000 to Adapter
12:56:19 INFO  - Done Requesting Carriage in FastMode
12:56:19 INFO  - Send ACK02: StSTA0020000000000:00000200 to Adapter
12:56:35 ERROR - No ID found, where expected
Model.Exception.IllegalCommandException: CommandInterpreter at: parseCarriageID(); No ID found, where expected
	at Model.Command.CommandInterpreter.parseCarriageID(CommandInterpreter.java:222)
	at Model.Command.CommandInterpreter.parseValues(CommandInterpreter.java:109)
	at Model.Command.CommandInterpreter.run(CommandInterpreter.java:37)
	at Model.Network.NetworkController.invokeInterpreter(NetworkController.java:183)
	at Model.Network.NetworkController.testCommand(NetworkController.java:178)
	at Model.Facade.testCommand(Facade.java:35)
	at View.CommandLineInterface.testCommand(CommandLineInterface.java:201)
	at View.CommandLineInterface.run(CommandLineInterface.java:59)
12:56:35 WARN  - Interpreter detected Illegal Command Structure!
12:56:35 WARN  - Interpreter couldn't find right Command for input Message!
12:56:35 INFO  - Send command not understood: StSTF000000000000:0000000 to Adapter
12:56:59 ERROR - No ID found, where expected
Model.Exception.IllegalCommandException: CommandInterpreter at: parseCarriageID(); No ID found, where expected
	at Model.Command.CommandInterpreter.parseCarriageID(CommandInterpreter.java:222)
	at Model.Command.CommandInterpreter.parseValues(CommandInterpreter.java:109)
	at Model.Command.CommandInterpreter.run(CommandInterpreter.java:37)
	at Model.Network.NetworkController.invokeInterpreter(NetworkController.java:183)
	at Model.Network.NetworkController.testCommand(NetworkController.java:178)
	at Model.Facade.testCommand(Facade.java:35)
	at View.CommandLineInterface.testCommand(CommandLineInterface.java:201)
	at View.CommandLineInterface.run(CommandLineInterface.java:59)
12:56:59 WARN  - Interpreter detected Illegal Command Structure!
12:56:59 WARN  - Interpreter couldn't find right Command for input Message!
12:56:59 INFO  - Send command not understood: StSTF00000000000000:00000 to Adapter
12:57:23 INFO  - Successfully Validated Command with MessageID 0000000000:00
12:57:23 INFO  - Interpreted RepositionCarriage 12 to ro Command
12:57:23 INFO  - Send ACK01: StSTA0010000000000:000000 to Adapter
12:57:23 INFO  - Done Repositioning in FastMode
12:57:23 INFO  - Send ACK02: StSTA0020000000000:000000 to Adapter
12:57:52 WARN  - Interpreter detected Illegal Command Structure!
12:57:52 WARN  - Interpreter couldn't find right Command for input Message!
12:57:52 INFO  - Send command not understood: StSTF00000000000000:00000 to Adapter
12:58:32 INFO  - Successfully Validated Command with MessageID 0000000000:00
12:58:32 INFO  - Interpreted RequestEmptyCarriage to ro Command
12:58:32 INFO  - Send ACK01: StSTA0010000000000:000000 to Adapter
