13:28:53 INFO  - Open connection to Adapter [127, 0, 0, 1]:47331
13:28:53 DEBUG - Create new Network Socket [127, 0, 0, 1]:47331
13:28:53 DEBUG - Trying to open connection to Adapter: [127, 0, 0, 1]:47331
13:28:53 INFO  - Succefull connected to Adapter: [127, 0, 0, 1]:47331
13:28:57 DEBUG - Interpreter started
13:28:57 DEBUG - Done Parsing Values of Message 0000000000:00
13:28:57 DEBUG - Starting Command Validation for 0000000000:00
13:28:57 INFO  - Successfully Validated Command with MessageID 0000000000:00
13:28:57 INFO  - Interpreted RequestEmptyCarriage to ro Command
13:28:57 DEBUG - Added new RequestEmptyCarriage Command to Queue
13:28:57 INFO  - Send ACK01: StSTA0010000000000:000000 to Adapter
13:28:57 DEBUG - Activated Command with MessageID 0000000000:00
13:28:57 DEBUG - Trying to find Path for RequestEmptyCarriage Command
13:28:57 DEBUG - Returning Path: |Storage||Robot|
13:28:57 INFO  - Send ACK02: StSTA0020000000000:00000200 to Adapter
13:29:03 DEBUG - Interpreter started
13:29:03 DEBUG - Done Parsing Values of Message 0000000000:00
13:29:03 DEBUG - Starting Command Validation for 0000000000:00
13:29:03 INFO  - Successfully Validated Command with MessageID 0000000000:00
13:29:03 INFO  - Interpreted ReleaseCarriage 12 Command
13:29:03 DEBUG - Added new ReleaseCarriage Command to Queue
13:29:03 INFO  - Send ACK01: StSTA0010000000000:000000 to Adapter
13:29:03 INFO  - Send ACK02: StSTA0020000000000:000002 to Adapter
13:29:03 DEBUG - Activated Command with MessageID 0000000000:00
