13:23:29 INFO  - Open connection to Adapter [127, 0, 0, 1]:47331
13:23:29 DEBUG - Create new Network Socket [127, 0, 0, 1]:47331
13:23:29 DEBUG - Trying to open connection to Adapter: [127, 0, 0, 1]:47331
13:23:29 INFO  - Succefull connected to Adapter: [127, 0, 0, 1]:47331
13:23:33 DEBUG - Interpreter started
13:23:33 DEBUG - Done Parsing Values of Message 0000000000:00
13:23:33 DEBUG - Starting Command Validation for 0000000000:00
13:23:33 INFO  - Successfully Validated Command with MessageID 0000000000:00
13:23:33 INFO  - Interpreted RequestEmptyCarriage to ro Command
13:23:33 DEBUG - Added new RequestEmptyCarriage Command to Queue
13:23:33 INFO  - Send ACK01: StSTA0010000000000:000000 to Adapter
13:23:33 DEBUG - Activated Command with MessageID 0000000000:00
13:23:33 DEBUG - Trying to find Path for RequestEmptyCarriage Command
13:23:33 DEBUG - Returning Path: |Storage||Robot|
13:23:33 INFO  - Send ACK02: StSTA0020000000000:00000200 to Adapter
13:23:41 DEBUG - Interpreter started
13:23:41 DEBUG - Done Parsing Values of Message 0000000000:00
13:23:41 DEBUG - Starting Command Validation for 0000000000:00
13:23:41 WARN  - Interpreter couldn't find right Command for input Message!
13:23:41 WARN  - Interpreter couldn't find right Command for input Message!
13:23:41 INFO  - Send command not understood: StSTF0000000000000:000000 to Adapter
