13:38:23 INFO  - Open connection to Adapter [127, 0, 0, 1]:47331
13:38:23 DEBUG - Create new Network Socket [127, 0, 0, 1]:47331
13:38:23 DEBUG - Trying to open connection to Adapter: [127, 0, 0, 1]:47331
13:38:23 INFO  - Succefull connected to Adapter: [127, 0, 0, 1]:47331
13:38:51 DEBUG - Interpreter started
13:38:51 DEBUG - Done Parsing Values of Message 0000000000:00
13:38:51 DEBUG - Starting Command Validation for 0000000000:00
13:38:51 INFO  - Successfully Validated Command with MessageID 0000000000:00
13:38:51 INFO  - Interpreted RequestEmptyCarriage to ea Command
13:38:51 DEBUG - Added new RequestEmptyCarriage Command to Queue
13:38:51 INFO  - Send ACK01: StSTA0010000000000:000000 to Adapter
13:38:51 DEBUG - Activated Command with MessageID 0000000000:00
13:38:51 DEBUG - Trying to find Path for RequestEmptyCarriage Command
13:38:51 DEBUG - Returning Path: |I/O|
13:38:51 INFO  - Send ACK02: StSTA0020000000000:00000200 to Adapter
13:39:03 DEBUG - Interpreter started
13:39:03 DEBUG - Done Parsing Values of Message 0000000000:00
13:39:03 DEBUG - Starting Command Validation for 0000000000:00
13:39:03 INFO  - Successfully Validated Command with MessageID 0000000000:00
13:39:03 INFO  - Interpreted RepositionCarriage 22 to la Command
13:39:03 DEBUG - Adding new RepositionCarriage Command to Queue
13:39:03 INFO  - Send ACK01: StSTA0010000000000:000000 to Adapter
13:39:03 DEBUG - Activated Command with MessageID 0000000000:00
13:39:03 DEBUG - Trying to find Path for Reposition Command
13:39:03 DEBUG - Returning Path: 
13:39:03 DEBUG - Returning Path: |I/O||Storage|
13:39:03 INFO  - Send ACK02: StSTA0020000000000:000000 to Adapter
