13:36:01 INFO  - Open connection to Adapter [127, 0, 0, 1]:47331
13:36:01 DEBUG - Create new Network Socket [127, 0, 0, 1]:47331
13:36:01 DEBUG - Trying to open connection to Adapter: [127, 0, 0, 1]:47331
13:36:01 INFO  - Succefull connected to Adapter: [127, 0, 0, 1]:47331
13:36:10 DEBUG - Interpreter started
13:36:10 DEBUG - Done Parsing Values of Message 0000000000:00
13:36:10 DEBUG - Starting Command Validation for 0000000000:00
13:36:10 INFO  - Successfully Validated Command with MessageID 0000000000:00
13:36:10 INFO  - Interpreted RequestEmptyCarriage to ea Command
13:36:10 DEBUG - Added new RequestEmptyCarriage Command to Queue
13:36:10 INFO  - Send ACK01: StSTA0010000000000:000000 to Adapter
13:36:10 DEBUG - Activated Command with MessageID 0000000000:00
13:36:10 DEBUG - Trying to find Path for RequestEmptyCarriage Command
13:36:10 DEBUG - Returning Path: |I/O|
13:36:10 INFO  - Send ACK02: StSTA0020000000000:00000200 to Adapter
13:36:24 DEBUG - Interpreter started
13:36:24 DEBUG - Done Parsing Values of Message 0000000000:00
13:36:24 DEBUG - Starting Command Validation for 0000000000:00
13:36:24 INFO  - Successfully Validated Command with MessageID 0000000000:00
13:36:24 INFO  - Interpreted RepositionCarriage 21 to la Command
13:36:24 DEBUG - Adding new RepositionCarriage Command to Queue
13:36:24 INFO  - Send ACK01: StSTA0010000000000:000000 to Adapter
13:36:24 DEBUG - Activated Command with MessageID 0000000000:00
13:36:24 DEBUG - Trying to find Path for Reposition Command
13:36:24 INFO  - Send command not Executed: StSTF0010000000000:000000 to Adapter
13:36:54 INFO  - Open connection to Adapter [127, 0, 0, 1]:47331
13:36:54 DEBUG - Create new Network Socket [127, 0, 0, 1]:47331
13:36:54 DEBUG - Trying to open connection to Adapter: [127, 0, 0, 1]:47331
13:36:54 INFO  - Succefull connected to Adapter: [127, 0, 0, 1]:47331
13:37:00 DEBUG - Interpreter started
13:37:00 DEBUG - Done Parsing Values of Message 0000000000:00
13:37:00 DEBUG - Starting Command Validation for 0000000000:00
13:37:00 INFO  - Successfully Validated Command with MessageID 0000000000:00
13:37:00 INFO  - Interpreted RequestEmptyCarriage to ea Command
13:37:00 DEBUG - Added new RequestEmptyCarriage Command to Queue
13:37:00 INFO  - Send ACK01: StSTA0010000000000:000000 to Adapter
13:37:00 DEBUG - Activated Command with MessageID 0000000000:00
13:37:00 DEBUG - Trying to find Path for RequestEmptyCarriage Command
13:37:00 DEBUG - Returning Path: |I/O|
13:37:00 INFO  - Send ACK02: StSTA0020000000000:00000200 to Adapter
13:37:12 DEBUG - Interpreter started
13:37:12 DEBUG - Done Parsing Values of Message 0000000000:00
13:37:12 DEBUG - Starting Command Validation for 0000000000:00
13:37:12 INFO  - Successfully Validated Command with MessageID 0000000000:00
13:37:12 INFO  - Interpreted RepositionCarriage 12 to la Command
13:37:12 DEBUG - Adding new RepositionCarriage Command to Queue
13:37:12 INFO  - Send ACK01: StSTA0010000000000:000000 to Adapter
13:37:12 DEBUG - Activated Command with MessageID 0000000000:00
13:37:12 DEBUG - Trying to find Path for Reposition Command
13:37:12 DEBUG - Returning Path: 
13:37:12 INFO  - Send command not Executed: StSTF0010000000000:000000 to Adapter
